# JRE version: Java(TM) SE Runtime Environment (14.0.1+7) (build 14.0.1+7)
# Java VM: Java HotSpot(TM) 64-Bit Server VM (14.0.1+7, mixed mode, sharing, tiered, compressed oops, g1 gc, windows-amd64)
Heap:
 garbage-first heap   total 15360K, used 6214K [0x00000000c3a00000, 0x0000000100000000)
  region size 1024K, 1 young (1024K), 1 survivors (1024K)
 Metaspace       used 9416K, capacity 11840K, committed 11904K, reserved 1060864K
  class space    used 1106K, capacity 1382K, committed 1408K, reserved 1048576K
GC Heap History (20 events):
Event: 0.550 GC heap after
{Heap after GC invocations=4 (full 0):
 garbage-first heap   total 8192K, used 2407K [0x00000000c3a00000, 0x0000000100000000)
  region size 1024K, 1 young (1024K), 1 survivors (1024K)
 Metaspace       used 6917K, capacity 10139K, committed 10496K, reserved 1058816K
  class space    used 853K, capacity 1177K, committed 1280K, reserved 1048576K
}
Event: 0.686 GC heap before
{Heap before GC invocations=4 (full 0):
 garbage-first heap   total 8192K, used 3431K [0x00000000c3a00000, 0x0000000100000000)
  region size 1024K, 2 young (2048K), 1 survivors (1024K)
 Metaspace       used 7959K, capacity 11060K, committed 11264K, reserved 1058816K
  class space    used 947K, capacity 1249K, committed 1280K, reserved 1048576K
}
Event: 0.688 GC heap after
{Heap after GC invocations=5 (full 0):
 garbage-first heap   total 10240K, used 2824K [0x00000000c3a00000, 0x0000000100000000)
  region size 1024K, 1 young (1024K), 1 survivors (1024K)
 Metaspace       used 7959K, capacity 11060K, committed 11264K, reserved 1058816K
  class space    used 947K, capacity 1249K, committed 1280K, reserved 1048576K
}
Event: 0.782 GC heap before
{Heap before GC invocations=5 (full 0):
 garbage-first heap   total 10240K, used 4872K [0x00000000c3a00000, 0x0000000100000000)
  region size 1024K, 3 young (3072K), 1 survivors (1024K)
 Metaspace       used 8390K, capacity 11295K, committed 11648K, reserved 1058816K
  class space    used 993K, capacity 1307K, committed 1408K, reserved 1048576K
}
Event: 0.786 GC heap after
{Heap after GC invocations=6 (full 0):
 garbage-first heap   total 10240K, used 3537K [0x00000000c3a00000, 0x0000000100000000)
  region size 1024K, 1 young (1024K), 1 survivors (1024K)
 Metaspace       used 8390K, capacity 11295K, committed 11648K, reserved 1058816K
  class space    used 993K, capacity 1307K, committed 1408K, reserved 1048576K
}
Event: 0.922 GC heap before
{Heap before GC invocations=6 (full 0):
 garbage-first heap   total 10240K, used 5585K [0x00000000c3a00000, 0x0000000100000000)
  region size 1024K, 3 young (3072K), 1 survivors (1024K)
 Metaspace       used 8982K, capacity 11574K, committed 11648K, reserved 1058816K
  class space    used 1069K, capacity 1358K, committed 1408K, reserved 1048576K
}
Event: 0.926 GC heap after
{Heap after GC invocations=7 (full 0):
 garbage-first heap   total 10240K, used 4596K [0x00000000c3a00000, 0x0000000100000000)
  region size 1024K, 1 young (1024K), 1 survivors (1024K)
 Metaspace       used 8982K, capacity 11574K, committed 11648K, reserved 1058816K
  class space    used 1069K, capacity 1358K, committed 1408K, reserved 1048576K
}
Event: 0.974 GC heap before
{Heap before GC invocations=7 (full 0):
 garbage-first heap   total 10240K, used 5620K [0x00000000c3a00000, 0x0000000100000000)
  region size 1024K, 2 young (2048K), 1 survivors (1024K)
 Metaspace       used 9157K, capacity 11673K, committed 11904K, reserved 1060864K
  class space    used 1090K, capacity 1370K, committed 1408K, reserved 1048576K
}
Event: 0.976 GC heap after
{Heap after GC invocations=8 (full 0):
 garbage-first heap   total 10240K, used 4803K [0x00000000c3a00000, 0x0000000100000000)
  region size 1024K, 1 young (1024K), 1 survivors (1024K)
 Metaspace       used 9157K, capacity 11673K, committed 11904K, reserved 1060864K
  class space    used 1090K, capacity 1370K, committed 1408K, reserved 1048576K
}
Event: 0.984 GC heap before
{Heap before GC invocations=8 (full 0):
 garbage-first heap   total 10240K, used 5827K [0x00000000c3a00000, 0x0000000100000000)
  region size 1024K, 2 young (2048K), 1 survivors (1024K)
 Metaspace       used 9179K, capacity 11673K, committed 11904K, reserved 1060864K
  class space    used 1090K, capacity 1370K, committed 1408K, reserved 1048576K
}
Event: 0.985 GC heap after
{Heap after GC invocations=9 (full 0):
 garbage-first heap   total 12288K, used 4965K [0x00000000c3a00000, 0x0000000100000000)
  region size 1024K, 1 young (1024K), 1 survivors (1024K)
 Metaspace       used 9179K, capacity 11673K, committed 11904K, reserved 1060864K
  class space    used 1090K, capacity 1370K, committed 1408K, reserved 1048576K
}
Event: 0.990 GC heap before
{Heap before GC invocations=9 (full 0):
 garbage-first heap   total 12288K, used 5989K [0x00000000c3a00000, 0x0000000100000000)
  region size 1024K, 2 young (2048K), 1 survivors (1024K)
 Metaspace       used 9183K, capacity 11673K, committed 11904K, reserved 1060864K
  class space    used 1090K, capacity 1370K, committed 1408K, reserved 1048576K
}
Event: 0.991 GC heap after
{Heap after GC invocations=10 (full 0):
 garbage-first heap   total 12288K, used 5051K [0x00000000c3a00000, 0x0000000100000000)
  region size 1024K, 1 young (1024K), 1 survivors (1024K)
 Metaspace       used 9183K, capacity 11673K, committed 11904K, reserved 1060864K
  class space    used 1090K, capacity 1370K, committed 1408K, reserved 1048576K
}
Event: 1.040 GC heap before
{Heap before GC invocations=11 (full 0):
 garbage-first heap   total 12288K, used 6075K [0x00000000c3a00000, 0x0000000100000000)
  region size 1024K, 2 young (2048K), 1 survivors (1024K)
 Metaspace       used 9267K, capacity 11685K, committed 11904K, reserved 1060864K
  class space    used 1096K, capacity 1374K, committed 1408K, reserved 1048576K
}
Event: 1.041 GC heap after
{Heap after GC invocations=12 (full 0):
 garbage-first heap   total 12288K, used 5108K [0x00000000c3a00000, 0x0000000100000000)
  region size 1024K, 1 young (1024K), 1 survivors (1024K)
 Metaspace       used 9267K, capacity 11685K, committed 11904K, reserved 1060864K
  class space    used 1096K, capacity 1374K, committed 1408K, reserved 1048576K
}
Event: 1.055 GC heap before
{Heap before GC invocations=12 (full 0):
 garbage-first heap   total 12288K, used 7156K [0x00000000c3a00000, 0x0000000100000000)
  region size 1024K, 3 young (3072K), 1 survivors (1024K)
 Metaspace       used 9306K, capacity 11761K, committed 11904K, reserved 1060864K
  class space    used 1098K, capacity 1377K, committed 1408K, reserved 1048576K
}
Event: 1.057 GC heap after
{Heap after GC invocations=13 (full 0):
 garbage-first heap   total 12288K, used 5420K [0x00000000c3a00000, 0x0000000100000000)
  region size 1024K, 1 young (1024K), 1 survivors (1024K)
 Metaspace       used 9306K, capacity 11761K, committed 11904K, reserved 1060864K
  class space    used 1098K, capacity 1377K, committed 1408K, reserved 1048576K
}
Event: 1.087 GC heap before
{Heap before GC invocations=13 (full 0):
 garbage-first heap   total 12288K, used 7468K [0x00000000c3a00000, 0x0000000100000000)
  region size 1024K, 3 young (3072K), 1 survivors (1024K)
 Metaspace       used 9416K, capacity 11840K, committed 11904K, reserved 1060864K
  class space    used 1106K, capacity 1382K, committed 1408K, reserved 1048576K
}
Event: 1.090 GC heap after
{Heap after GC invocations=14 (full 0):
 garbage-first heap   total 12288K, used 5831K [0x00000000c3a00000, 0x0000000100000000)
  region size 1024K, 1 young (1024K), 1 survivors (1024K)
 Metaspace       used 9416K, capacity 11840K, committed 11904K, reserved 1060864K
  class space    used 1106K, capacity 1382K, committed 1408K, reserved 1048576K
}
Event: 1.096 GC heap before
{Heap before GC invocations=14 (full 0):
 garbage-first heap   total 12288K, used 7879K [0x00000000c3a00000, 0x0000000100000000)
  region size 1024K, 3 young (3072K), 1 survivors (1024K)
 Metaspace       used 9416K, capacity 11840K, committed 11904K, reserved 1060864K
  class space    used 1106K, capacity 1382K, committed 1408K, reserved 1048576K
}

