# JRE version: Java(TM) SE Runtime Environment (14.0.1+7) (build 14.0.1+7)
# Java VM: Java HotSpot(TM) 64-Bit Server VM (14.0.1+7, mixed mode, sharing, tiered, compressed oops, g1 gc, windows-amd64)
Heap:
 garbage-first heap   total 33792K, used 8560K [0x00000000c3a00000, 0x0000000100000000)
  region size 1024K, 1 young (1024K), 1 survivors (1024K)
 Metaspace       used 9494K, capacity 11958K, committed 12288K, reserved 1060864K
  class space    used 1116K, capacity 1420K, committed 1536K, reserved 1048576K
GC Heap History (20 events):
Event: 1.507 GC heap after
{Heap after GC invocations=9 (full 0):
 garbage-first heap   total 10240K, used 4835K [0x00000000c3a00000, 0x0000000100000000)
  region size 1024K, 1 young (1024K), 1 survivors (1024K)
 Metaspace       used 9121K, capacity 11668K, committed 11904K, reserved 1060864K
  class space    used 1086K, capacity 1368K, committed 1408K, reserved 1048576K
}
Event: 1.535 GC heap before
{Heap before GC invocations=9 (full 0):
 garbage-first heap   total 10240K, used 5859K [0x00000000c3a00000, 0x0000000100000000)
  region size 1024K, 2 young (2048K), 1 survivors (1024K)
 Metaspace       used 9159K, capacity 11671K, committed 11904K, reserved 1060864K
  class space    used 1086K, capacity 1368K, committed 1408K, reserved 1048576K
}
Event: 1.537 GC heap after
{Heap after GC invocations=10 (full 0):
 garbage-first heap   total 10240K, used 4952K [0x00000000c3a00000, 0x0000000100000000)
  region size 1024K, 1 young (1024K), 1 survivors (1024K)
 Metaspace       used 9159K, capacity 11671K, committed 11904K, reserved 1060864K
  class space    used 1086K, capacity 1368K, committed 1408K, reserved 1048576K
}
Event: 1.541 GC heap before
{Heap before GC invocations=10 (full 0):
 garbage-first heap   total 10240K, used 5976K [0x00000000c3a00000, 0x0000000100000000)
  region size 1024K, 2 young (2048K), 1 survivors (1024K)
 Metaspace       used 9168K, capacity 11671K, committed 11904K, reserved 1060864K
  class space    used 1086K, capacity 1368K, committed 1408K, reserved 1048576K
}
Event: 1.542 GC heap after
{Heap after GC invocations=11 (full 0):
 garbage-first heap   total 12288K, used 5022K [0x00000000c3a00000, 0x0000000100000000)
  region size 1024K, 1 young (1024K), 1 survivors (1024K)
 Metaspace       used 9168K, capacity 11671K, committed 11904K, reserved 1060864K
  class space    used 1086K, capacity 1368K, committed 1408K, reserved 1048576K
}
Event: 1.573 GC heap before
{Heap before GC invocations=12 (full 0):
 garbage-first heap   total 12288K, used 6046K [0x00000000c3a00000, 0x0000000100000000)
  region size 1024K, 2 young (2048K), 1 survivors (1024K)
 Metaspace       used 9249K, capacity 11690K, committed 11904K, reserved 1060864K
  class space    used 1095K, capacity 1374K, committed 1408K, reserved 1048576K
}
Event: 1.574 GC heap after
{Heap after GC invocations=13 (full 0):
 garbage-first heap   total 12288K, used 5135K [0x00000000c3a00000, 0x0000000100000000)
  region size 1024K, 1 young (1024K), 1 survivors (1024K)
 Metaspace       used 9249K, capacity 11690K, committed 11904K, reserved 1060864K
  class space    used 1095K, capacity 1374K, committed 1408K, reserved 1048576K
}
Event: 1.587 GC heap before
{Heap before GC invocations=13 (full 0):
 garbage-first heap   total 12288K, used 7183K [0x00000000c3a00000, 0x0000000100000000)
  region size 1024K, 3 young (3072K), 1 survivors (1024K)
 Metaspace       used 9266K, capacity 11755K, committed 11904K, reserved 1060864K
  class space    used 1095K, capacity 1374K, committed 1408K, reserved 1048576K
}
Event: 1.589 GC heap after
{Heap after GC invocations=14 (full 0):
 garbage-first heap   total 12288K, used 5446K [0x00000000c3a00000, 0x0000000100000000)
  region size 1024K, 1 young (1024K), 1 survivors (1024K)
 Metaspace       used 9266K, capacity 11755K, committed 11904K, reserved 1060864K
  class space    used 1095K, capacity 1374K, committed 1408K, reserved 1048576K
}
Event: 1.626 GC heap before
{Heap before GC invocations=14 (full 0):
 garbage-first heap   total 12288K, used 7494K [0x00000000c3a00000, 0x0000000100000000)
  region size 1024K, 3 young (3072K), 1 survivors (1024K)
 Metaspace       used 9377K, capacity 11835K, committed 11904K, reserved 1060864K
  class space    used 1104K, capacity 1380K, committed 1408K, reserved 1048576K
}
Event: 1.628 GC heap after
{Heap after GC invocations=15 (full 0):
 garbage-first heap   total 12288K, used 5836K [0x00000000c3a00000, 0x0000000100000000)
  region size 1024K, 1 young (1024K), 1 survivors (1024K)
 Metaspace       used 9377K, capacity 11835K, committed 11904K, reserved 1060864K
  class space    used 1104K, capacity 1380K, committed 1408K, reserved 1048576K
}
Event: 1.638 GC heap before
{Heap before GC invocations=15 (full 0):
 garbage-first heap   total 12288K, used 7884K [0x00000000c3a00000, 0x0000000100000000)
  region size 1024K, 3 young (3072K), 1 survivors (1024K)
 Metaspace       used 9377K, capacity 11835K, committed 11904K, reserved 1060864K
  class space    used 1104K, capacity 1380K, committed 1408K, reserved 1048576K
}
Event: 1.640 GC heap after
{Heap after GC invocations=16 (full 0):
 garbage-first heap   total 15360K, used 6272K [0x00000000c3a00000, 0x0000000100000000)
  region size 1024K, 1 young (1024K), 1 survivors (1024K)
 Metaspace       used 9377K, capacity 11835K, committed 11904K, reserved 1060864K
  class space    used 1104K, capacity 1380K, committed 1408K, reserved 1048576K
}
Event: 1.689 GC heap before
{Heap before GC invocations=16 (full 0):
 garbage-first heap   total 15360K, used 9344K [0x00000000c3a00000, 0x0000000100000000)
  region size 1024K, 4 young (4096K), 1 survivors (1024K)
 Metaspace       used 9389K, capacity 11841K, committed 11904K, reserved 1060864K
  class space    used 1107K, capacity 1382K, committed 1408K, reserved 1048576K
}
Event: 1.692 GC heap after
{Heap after GC invocations=17 (full 0):
 garbage-first heap   total 15360K, used 6697K [0x00000000c3a00000, 0x0000000100000000)
  region size 1024K, 1 young (1024K), 1 survivors (1024K)
 Metaspace       used 9389K, capacity 11841K, committed 11904K, reserved 1060864K
  class space    used 1107K, capacity 1382K, committed 1408K, reserved 1048576K
}
Event: 1.713 GC heap before
{Heap before GC invocations=17 (full 0):
 garbage-first heap   total 15360K, used 9769K [0x00000000c3a00000, 0x0000000100000000)
  region size 1024K, 4 young (4096K), 1 survivors (1024K)
 Metaspace       used 9411K, capacity 11841K, committed 11904K, reserved 1060864K
  class space    used 1110K, capacity 1382K, committed 1408K, reserved 1048576K
}
Event: 1.716 GC heap after
{Heap after GC invocations=18 (full 0):
 garbage-first heap   total 15360K, used 7282K [0x00000000c3a00000, 0x0000000100000000)
  region size 1024K, 1 young (1024K), 1 survivors (1024K)
 Metaspace       used 9411K, capacity 11841K, committed 11904K, reserved 1060864K
  class space    used 1110K, capacity 1382K, committed 1408K, reserved 1048576K
}
Event: 1.741 GC heap before
{Heap before GC invocations=18 (full 0):
 garbage-first heap   total 15360K, used 10354K [0x00000000c3a00000, 0x0000000100000000)
  region size 1024K, 4 young (4096K), 1 survivors (1024K)
 Metaspace       used 9430K, capacity 11843K, committed 11904K, reserved 1060864K
  class space    used 1111K, capacity 1382K, committed 1408K, reserved 1048576K
}
Event: 1.745 GC heap after
{Heap after GC invocations=19 (full 0):
 garbage-first heap   total 15360K, used 8104K [0x00000000c3a00000, 0x0000000100000000)
  region size 1024K, 1 young (1024K), 1 survivors (1024K)
 Metaspace       used 9430K, capacity 11843K, committed 11904K, reserved 1060864K
  class space    used 1111K, capacity 1382K, committed 1408K, reserved 1048576K
}
Event: 1.793 GC heap before
{Heap before GC invocations=20 (full 0):
 garbage-first heap   total 17408K, used 10152K [0x00000000c3a00000, 0x0000000100000000)
  region size 1024K, 3 young (3072K), 1 survivors (1024K)
 Metaspace       used 9494K, capacity 11958K, committed 12288K, reserved 1060864K
  class space    used 1116K, capacity 1420K, committed 1536K, reserved 1048576K
}

