# JRE version: Java(TM) SE Runtime Environment (14.0.1+7) (build 14.0.1+7)
# Java VM: Java HotSpot(TM) 64-Bit Server VM (14.0.1+7, mixed mode, sharing, tiered, compressed oops, g1 gc, windows-amd64)
Heap:
 garbage-first heap   total 10240K, used 2851K [0x00000000c3a00000, 0x0000000100000000)
  region size 1024K, 1 young (1024K), 1 survivors (1024K)
 Metaspace       used 7963K, capacity 11063K, committed 11264K, reserved 1058816K
  class space    used 948K, capacity 1250K, committed 1280K, reserved 1048576K
GC Heap History (9 events):
Event: 0.224 GC heap before
{Heap before GC invocations=0 (full 0):
 garbage-first heap   total 8192K, used 3072K [0x00000000c3a00000, 0x0000000100000000)
  region size 1024K, 3 young (3072K), 0 survivors (0K)
 Metaspace       used 2557K, capacity 6054K, committed 6272K, reserved 1056768K
  class space    used 298K, capacity 640K, committed 640K, reserved 1048576K
}
Event: 0.229 GC heap after
{Heap after GC invocations=1 (full 0):
 garbage-first heap   total 8192K, used 1273K [0x00000000c3a00000, 0x0000000100000000)
  region size 1024K, 1 young (1024K), 1 survivors (1024K)
 Metaspace       used 2557K, capacity 6054K, committed 6272K, reserved 1056768K
  class space    used 298K, capacity 640K, committed 640K, reserved 1048576K
}
Event: 0.281 GC heap before
{Heap before GC invocations=1 (full 0):
 garbage-first heap   total 8192K, used 1273K [0x00000000c3a00000, 0x0000000100000000)
  region size 1024K, 2 young (2048K), 1 survivors (1024K)
 Metaspace       used 3458K, capacity 6800K, committed 7040K, reserved 1056768K
  class space    used 451K, capacity 785K, committed 896K, reserved 1048576K
}
Event: 0.284 GC heap after
{Heap after GC invocations=2 (full 0):
 garbage-first heap   total 8192K, used 1669K [0x00000000c3a00000, 0x0000000100000000)
  region size 1024K, 1 young (1024K), 1 survivors (1024K)
 Metaspace       used 3458K, capacity 6800K, committed 7040K, reserved 1056768K
  class space    used 451K, capacity 785K, committed 896K, reserved 1048576K
}
Event: 0.370 GC heap before
{Heap before GC invocations=2 (full 0):
 garbage-first heap   total 8192K, used 2693K [0x00000000c3a00000, 0x0000000100000000)
  region size 1024K, 2 young (2048K), 1 survivors (1024K)
 Metaspace       used 5633K, capacity 8977K, committed 9216K, reserved 1056768K
  class space    used 701K, capacity 1021K, committed 1024K, reserved 1048576K
}
Event: 0.371 GC heap after
{Heap after GC invocations=3 (full 0):
 garbage-first heap   total 8192K, used 1975K [0x00000000c3a00000, 0x0000000100000000)
  region size 1024K, 1 young (1024K), 1 survivors (1024K)
 Metaspace       used 5633K, capacity 8977K, committed 9216K, reserved 1056768K
  class space    used 701K, capacity 1021K, committed 1024K, reserved 1048576K
}
Event: 0.470 GC heap before
{Heap before GC invocations=3 (full 0):
 garbage-first heap   total 8192K, used 2999K [0x00000000c3a00000, 0x0000000100000000)
  region size 1024K, 2 young (2048K), 1 survivors (1024K)
 Metaspace       used 6910K, capacity 10139K, committed 10496K, reserved 1058816K
  class space    used 853K, capacity 1177K, committed 1280K, reserved 1048576K
}
Event: 0.472 GC heap after
{Heap after GC invocations=4 (full 0):
 garbage-first heap   total 8192K, used 2386K [0x00000000c3a00000, 0x0000000100000000)
  region size 1024K, 1 young (1024K), 1 survivors (1024K)
 Metaspace       used 6910K, capacity 10139K, committed 10496K, reserved 1058816K
  class space    used 853K, capacity 1177K, committed 1280K, reserved 1048576K
}
Event: 0.583 GC heap before
{Heap before GC invocations=4 (full 0):
 garbage-first heap   total 8192K, used 3410K [0x00000000c3a00000, 0x0000000100000000)
  region size 1024K, 2 young (2048K), 1 survivors (1024K)
 Metaspace       used 7963K, capacity 11063K, committed 11264K, reserved 1058816K
  class space    used 948K, capacity 1250K, committed 1280K, reserved 1048576K
}

